<?xml version="1.0" encoding="UTF-8"?>
<!-- Generated by org.testng.reporters.JUnitXMLReporter -->
<testsuite ignored="0" hostname="DESKTOP-P5C2FG6" failures="0" tests="4" name="Test" time="0.114" errors="0" timestamp="2022-12-28T22:52:53 IST">
  <testcase classname="scripts.Tc1" name="demo" time="0.017"/>
  <testcase classname="scripts.Tc2" name="demo" time="0.003"/>
  <testcase classname="scripts.Tc3" name="demo" time="0.002"/>
  <testcase classname="scripts.Tc4" name="demo" time="0.004"/>
</testsuite> <!-- Test -->
