<?xml version="1.0" encoding="UTF-8"?>
<testng-results ignored="0" total="4" passed="4" failed="0" skipped="0">
  <reporter-output>
    <line>
      <![CDATA[hello java]]>
    </line>
    <line>
      <![CDATA[hello selenium]]>
    </line>
    <line>
      <![CDATA[hello PythonSelenium]]>
    </line>
    <line>
      <![CDATA[hello python]]>
    </line>
  </reporter-output>
  <suite started-at="2022-12-28T22:52:53 IST" name="Suite" finished-at="2022-12-28T22:52:53 IST" duration-ms="114">
    <groups>
    </groups>
    <test started-at="2022-12-28T22:52:53 IST" name="Test" finished-at="2022-12-28T22:52:53 IST" duration-ms="114">
      <class name="scripts.Tc3">
        <test-method signature="demo()[pri:0, instance:scripts.Tc3@212b5695]" started-at="2022-12-28T22:52:53 IST" name="demo" finished-at="2022-12-28T22:52:53 IST" duration-ms="2" status="PASS">
          <reporter-output>
            <line>
              <![CDATA[hello PythonSelenium]]>
            </line>
          </reporter-output>
        </test-method> <!-- demo -->
      </class> <!-- scripts.Tc3 -->
      <class name="scripts.Tc4">
        <test-method signature="demo()[pri:0, instance:scripts.Tc4@446293d]" started-at="2022-12-28T22:52:53 IST" name="demo" finished-at="2022-12-28T22:52:53 IST" duration-ms="4" status="PASS">
          <reporter-output>
            <line>
              <![CDATA[hello python]]>
            </line>
          </reporter-output>
        </test-method> <!-- demo -->
      </class> <!-- scripts.Tc4 -->
      <class name="scripts.Tc1">
        <test-method signature="demo()[pri:0, instance:scripts.Tc1@5ace1ed4]" started-at="2022-12-28T22:52:53 IST" name="demo" finished-at="2022-12-28T22:52:53 IST" duration-ms="17" status="PASS">
          <reporter-output>
            <line>
              <![CDATA[hello java]]>
            </line>
          </reporter-output>
        </test-method> <!-- demo -->
      </class> <!-- scripts.Tc1 -->
      <class name="scripts.Tc2">
        <test-method signature="demo()[pri:0, instance:scripts.Tc2@3514a4c0]" started-at="2022-12-28T22:52:53 IST" name="demo" finished-at="2022-12-28T22:52:53 IST" duration-ms="3" status="PASS">
          <reporter-output>
            <line>
              <![CDATA[hello selenium]]>
            </line>
          </reporter-output>
        </test-method> <!-- demo -->
      </class> <!-- scripts.Tc2 -->
    </test> <!-- Test -->
  </suite> <!-- Suite -->
</testng-results>
